Determining if the pthread_create exist failed with the following output:
Change Dir: /home/fansa/Src/317/lio_mapping/catkin_ws/src/lio-mapping/build/CMakeFiles/CMakeTmp

Run Build Command:"/usr/bin/make" "cmTC_98652/fast"
/usr/bin/make -f CMakeFiles/cmTC_98652.dir/build.make CMakeFiles/cmTC_98652.dir/build
make[1]: Entering directory '/home/fansa/Src/317/lio_mapping/catkin_ws/src/lio-mapping/build/CMakeFiles/CMakeTmp'
Building C object CMakeFiles/cmTC_98652.dir/CheckSymbolExists.c.o
/usr/bin/gcc-5     -o CMakeFiles/cmTC_98652.dir/CheckSymbolExists.c.o   -c /home/fansa/Src/317/lio_mapping/catkin_ws/src/lio-mapping/build/CMakeFiles/CMakeTmp/CheckSymbolExists.c
Linking C executable cmTC_98652
/usr/bin/cmake -E cmake_link_script CMakeFiles/cmTC_98652.dir/link.txt --verbose=1
/usr/bin/gcc-5       CMakeFiles/cmTC_98652.dir/CheckSymbolExists.c.o  -o cmTC_98652 -rdynamic 
CMakeFiles/cmTC_98652.dir/CheckSymbolExists.c.o: In function `main':
CheckSymbolExists.c:(.text+0x16): undefined reference to `pthread_create'
collect2: error: ld returned 1 exit status
CMakeFiles/cmTC_98652.dir/build.make:97: recipe for target 'cmTC_98652' failed
make[1]: *** [cmTC_98652] Error 1
make[1]: Leaving directory '/home/fansa/Src/317/lio_mapping/catkin_ws/src/lio-mapping/build/CMakeFiles/CMakeTmp'
Makefile:126: recipe for target 'cmTC_98652/fast' failed
make: *** [cmTC_98652/fast] Error 2

File /home/fansa/Src/317/lio_mapping/catkin_ws/src/lio-mapping/build/CMakeFiles/CMakeTmp/CheckSymbolExists.c:
/* */
#include <pthread.h>

int main(int argc, char** argv)
{
  (void)argv;
#ifndef pthread_create
  return ((int*)(&pthread_create))[argc];
#else
  (void)argc;
  return 0;
#endif
}

Determining if the function pthread_create exists in the pthreads failed with the following output:
Change Dir: /home/fansa/Src/317/lio_mapping/catkin_ws/src/lio-mapping/build/CMakeFiles/CMakeTmp

Run Build Command:"/usr/bin/make" "cmTC_4a9a5/fast"
/usr/bin/make -f CMakeFiles/cmTC_4a9a5.dir/build.make CMakeFiles/cmTC_4a9a5.dir/build
make[1]: Entering directory '/home/fansa/Src/317/lio_mapping/catkin_ws/src/lio-mapping/build/CMakeFiles/CMakeTmp'
Building C object CMakeFiles/cmTC_4a9a5.dir/CheckFunctionExists.c.o
/usr/bin/gcc-5    -DCHECK_FUNCTION_EXISTS=pthread_create   -o CMakeFiles/cmTC_4a9a5.dir/CheckFunctionExists.c.o   -c /usr/share/cmake-3.5/Modules/CheckFunctionExists.c
Linking C executable cmTC_4a9a5
/usr/bin/cmake -E cmake_link_script CMakeFiles/cmTC_4a9a5.dir/link.txt --verbose=1
/usr/bin/gcc-5   -DCHECK_FUNCTION_EXISTS=pthread_create    CMakeFiles/cmTC_4a9a5.dir/CheckFunctionExists.c.o  -o cmTC_4a9a5 -rdynamic -lpthreads 
/usr/bin/ld: cannot find -lpthreads
collect2: error: ld returned 1 exit status
CMakeFiles/cmTC_4a9a5.dir/build.make:97: recipe for target 'cmTC_4a9a5' failed
make[1]: *** [cmTC_4a9a5] Error 1
make[1]: Leaving directory '/home/fansa/Src/317/lio_mapping/catkin_ws/src/lio-mapping/build/CMakeFiles/CMakeTmp'
Makefile:126: recipe for target 'cmTC_4a9a5/fast' failed
make: *** [cmTC_4a9a5/fast] Error 2


